sample/build/intermediates/manifest_merge_blame_file/release/manifest-merger-blame-release-report.txt
1<?xml version="1.0" encoding="utf-8"?>
2<manifest xmlns:android="http://schemas.android.com/apk/res/android"
3    package="com.github.barteksc.sample"
4    android:versionCode="3"
5    android:versionName="3.0.0" >
6
7    <uses-sdk
8        android:minSdkVersion="17"
8-->src\main\AndroidManifest.xml
9        android:targetSdkVersion="26" />
9-->src\main\AndroidManifest.xml
10
11    <uses-permission android:name="android.permission.READ_EXTERNAL_STORAGE" />
11-->src\main\AndroidManifest.xml:5:5-80
11-->src\main\AndroidManifest.xml:5:22-77
12
13    <application
13-->src\main\AndroidManifest.xml:7:5-20:19
14        android:icon="@drawable/ic_launcher"
14-->src\main\AndroidManifest.xml:8:9-45
15        android:label="@string/app_name"
15-->src\main\AndroidManifest.xml:9:9-41
16        android:theme="@style/Theme.AppCompat.Light" >
16-->src\main\AndroidManifest.xml:10:9-53
17        <activity
17-->src\main\AndroidManifest.xml:11:9-19:20
18            android:name="com.github.barteksc.sample.TestActivity"
18-->src\main\AndroidManifest.xml:12:13-41
19            android:label="@string/app_name" >
19-->src\main\AndroidManifest.xml:13:13-45
20            <intent-filter>
20-->src\main\AndroidManifest.xml:14:13-18:29
21                <action android:name="android.intent.action.MAIN" />
21-->src\main\AndroidManifest.xml:15:17-69
21-->src\main\AndroidManifest.xml:15:25-66
22
23                <category android:name="android.intent.category.LAUNCHER" />
23-->src\main\AndroidManifest.xml:17:17-77
23-->src\main\AndroidManifest.xml:17:27-74
24            </intent-filter>
25        </activity>
26        <activity android:name="com.xhh.pdfui.PDFPreviewActivity" />
26-->[:pdfui] AndroidManifest.xml:12:9-69
26-->[:pdfui] AndroidManifest.xml:12:19-66
27        <activity android:name="com.xhh.pdfui.PDFCatelogueActivity" />
27-->[:pdfui] AndroidManifest.xml:13:9-71
27-->[:pdfui] AndroidManifest.xml:13:19-68
28        <activity android:name="com.xhh.pdfui.PDFActivity" />
28-->[:pdfui] AndroidManifest.xml:14:9-62
28-->[:pdfui] AndroidManifest.xml:14:19-59
29
30        <meta-data
30-->[com.android.support:appcompat-v7:26.1.0] AndroidManifest.xml:26:9-28:38
31            android:name="android.support.VERSION"
31-->[com.android.support:appcompat-v7:26.1.0] AndroidManifest.xml:27:13-51
32            android:value="26.1.0" />
32-->[com.android.support:appcompat-v7:26.1.0] AndroidManifest.xml:28:13-35
33        <meta-data
33-->[android.arch.lifecycle:runtime:1.0.0] AndroidManifest.xml:25:9-27:47
34            android:name="android.arch.lifecycle.VERSION"
34-->[android.arch.lifecycle:runtime:1.0.0] AndroidManifest.xml:26:13-58
35            android:value="27.0.0-SNAPSHOT" />
35-->[android.arch.lifecycle:runtime:1.0.0] AndroidManifest.xml:27:13-44
36    </application>
37
38</manifest>